c:\users\jielei\firefox_decrypt\firefox_decrypt\x64\release\vc142.pdb
c:\users\jielei\firefox_decrypt\firefox_decrypt\x64\release\utf8_trans.obj
c:\users\jielei\firefox_decrypt\firefox_decrypt\x64\release\run.obj
c:\users\jielei\firefox_decrypt\firefox_decrypt\x64\release\profilepath_get.obj
c:\users\jielei\firefox_decrypt\firefox_decrypt\x64\release\library_load.obj
c:\users\jielei\firefox_decrypt\firefox_decrypt\x64\release\installatonpath_get.obj
c:\users\jielei\firefox_decrypt\firefox_decrypt\x64\release\dll_function.obj
c:\users\jielei\firefox_decrypt\firefox_decrypt\x64\release\decrypt.obj
c:\users\jielei\firefox_decrypt\firefox_decrypt\x64\release\data_get.obj
c:\users\jielei\firefox_decrypt\firefox_decrypt\x64\release\char_count.obj
c:\users\jielei\firefox_decrypt\x64\release\firefox_decrypt.ipdb
c:\users\jielei\firefox_decrypt\x64\release\firefox_decrypt.iobj
c:\users\jielei\firefox_decrypt\x64\release\firefox_decrypt.exe
c:\users\jielei\firefox_decrypt\x64\release\firefox_decrypt.pdb
c:\users\jielei\firefox_decrypt\firefox_decrypt\x64\release\firefox_decrypt.tlog\cl.command.1.tlog
c:\users\jielei\firefox_decrypt\firefox_decrypt\x64\release\firefox_decrypt.tlog\cl.read.1.tlog
c:\users\jielei\firefox_decrypt\firefox_decrypt\x64\release\firefox_decrypt.tlog\cl.write.1.tlog
c:\users\jielei\firefox_decrypt\firefox_decrypt\x64\release\firefox_decrypt.tlog\firefox_decrypt.write.1u.tlog
c:\users\jielei\firefox_decrypt\firefox_decrypt\x64\release\firefox_decrypt.tlog\link.command.1.tlog
c:\users\jielei\firefox_decrypt\firefox_decrypt\x64\release\firefox_decrypt.tlog\link.read.1.tlog
c:\users\jielei\firefox_decrypt\firefox_decrypt\x64\release\firefox_decrypt.tlog\link.write.1.tlog
