c:\users\szgtq\desktop\firefox_decrypt\firefox_decrypt\x64\debug\vc142.pdb
c:\users\szgtq\desktop\firefox_decrypt\firefox_decrypt\x64\debug\vc142.idb
c:\users\szgtq\desktop\firefox_decrypt\firefox_decrypt\x64\debug\utf8_trans.obj
c:\users\szgtq\desktop\firefox_decrypt\firefox_decrypt\x64\debug\run.obj
c:\users\szgtq\desktop\firefox_decrypt\firefox_decrypt\x64\debug\profilepath_get.obj
c:\users\szgtq\desktop\firefox_decrypt\firefox_decrypt\x64\debug\library_load.obj
c:\users\szgtq\desktop\firefox_decrypt\firefox_decrypt\x64\debug\installatonpath_get.obj
c:\users\szgtq\desktop\firefox_decrypt\firefox_decrypt\x64\debug\dll_function.obj
c:\users\szgtq\desktop\firefox_decrypt\firefox_decrypt\x64\debug\decrypt.obj
c:\users\szgtq\desktop\firefox_decrypt\firefox_decrypt\x64\debug\data_get.obj
c:\users\szgtq\desktop\firefox_decrypt\firefox_decrypt\x64\debug\char_count.obj
c:\users\jielei\firefox_decrypt\firefox_decrypt\x64\debug\vc142.pdb
c:\users\jielei\firefox_decrypt\firefox_decrypt\x64\debug\vc142.idb
c:\users\jielei\firefox_decrypt\firefox_decrypt\x64\debug\utf8_trans.obj
c:\users\jielei\firefox_decrypt\firefox_decrypt\x64\debug\run.obj
c:\users\jielei\firefox_decrypt\firefox_decrypt\x64\debug\profilepath_get.obj
c:\users\jielei\firefox_decrypt\firefox_decrypt\x64\debug\library_load.obj
c:\users\jielei\firefox_decrypt\firefox_decrypt\x64\debug\installatonpath_get.obj
c:\users\jielei\firefox_decrypt\firefox_decrypt\x64\debug\dll_function.obj
c:\users\jielei\firefox_decrypt\firefox_decrypt\x64\debug\decrypt.obj
c:\users\jielei\firefox_decrypt\firefox_decrypt\x64\debug\data_get.obj
c:\users\jielei\firefox_decrypt\firefox_decrypt\x64\debug\char_count.obj
c:\users\szgtq\desktop\firefox_decrypt\x64\debug\firefox_decrypt.ilk
c:\users\szgtq\desktop\firefox_decrypt\x64\debug\firefox_decrypt.exe
c:\users\szgtq\desktop\firefox_decrypt\x64\debug\firefox_decrypt.pdb
c:\users\jielei\firefox_decrypt\x64\debug\firefox_decrypt.ilk
c:\users\jielei\firefox_decrypt\x64\debug\firefox_decrypt.exe
c:\users\jielei\firefox_decrypt\x64\debug\firefox_decrypt.pdb
c:\users\jielei\firefox_decrypt\firefox_decrypt\x64\debug\firefox_decrypt.tlog\cl.command.1.tlog
c:\users\jielei\firefox_decrypt\firefox_decrypt\x64\debug\firefox_decrypt.tlog\cl.read.1.tlog
c:\users\jielei\firefox_decrypt\firefox_decrypt\x64\debug\firefox_decrypt.tlog\cl.write.1.tlog
c:\users\jielei\firefox_decrypt\firefox_decrypt\x64\debug\firefox_decrypt.tlog\link.command.1.tlog
c:\users\jielei\firefox_decrypt\firefox_decrypt\x64\debug\firefox_decrypt.tlog\link.read.1.tlog
c:\users\jielei\firefox_decrypt\firefox_decrypt\x64\debug\firefox_decrypt.tlog\link.write.1.tlog
